[2025-06-10T19:26:47.101] [DEBUG] debug-file - env: nodejsVersion=v18.20.1
[2025-06-10T19:26:47.494] [DEBUG] debug-file - Hvigor init with startParameters:{
  hvigorfileTypeCheck: false,
  parallelExecution: true,
  incrementalExecution: true,
  printStackTrace: false,
  daemon: false,
  analyze: 0,
  logLevel: Level { level: 20000, levelStr: 'INFO', colour: 'green' }
}
[2025-06-10T19:26:47.508] [DEBUG] debug-file - hvigorfile, resolving /Users/qiyue/github/XRouter/hvigorfile.ts
[2025-06-10T19:26:48.701] [DEBUG] debug-file - hvigorfile, require result:  { default: { system: [Function: appTasks], plugins: [] } }
[2025-06-10T19:26:48.901] [DEBUG] debug-file - Start initialize project's product build option map with build mode debug.
[2025-06-10T19:26:48.905] [DEBUG] debug-file - Product 'default' using build option: {
  "debuggable": true,
  "strictMode": {
    "caseSensitiveCheck": true,
    "useNormalizedOHMUrl": true
  }
} in this build.
[2025-06-10T19:26:48.918] [DEBUG] debug-file - Local scan or download HarmonyOS sdk components toolchains,ets,js,native,previewer
[2025-06-10T19:26:48.921] [DEBUG] debug-file - Local scan or download hmscore sdk components toolchains,ets,native
[2025-06-10T19:26:48.927] [DEBUG] debug-file - Start recording SDK configuration permission data.
[2025-06-10T19:26:48.964] [DEBUG] debug-file - Sdk init in 50 ms 
[2025-06-10T19:26:48.984] [DEBUG] debug-file - Project task initialization takes 19 ms 
[2025-06-10T19:26:48.991] [DEBUG] debug-file - hvigorfile, resolving /Users/qiyue/github/XRouter/entry/hvigorfile.ts
[2025-06-10T19:26:49.007] [DEBUG] debug-file - Start initialize module-target build option map, moduleName=entry, buildMode=debug
[2025-06-10T19:26:49.015] [DEBUG] debug-file - Module entry task initialization takes 5 ms 
[2025-06-10T19:26:49.017] [DEBUG] debug-file - project has submodules:entry
[2025-06-10T19:26:49.036] [DEBUG] debug-file - Configuration task cost before running: 1 s 559 ms 
[2025-06-10T19:26:49.038] [DEBUG] debug-file - Executing task :entry:clean
[2025-06-10T19:26:49.053] [DEBUG] debug-file - entry : clean cost memory 0.74139404296875
[2025-06-10T19:26:49.062] [DEBUG] debug-file - Module 'entry' target 'default' using build option: {
  "debuggable": true,
  "copyFrom": "default",
  "strictMode": {
    "caseSensitiveCheck": true,
    "useNormalizedOHMUrl": true
  },
  "name": "debug"
} in this build.
[2025-06-10T19:26:47.103] [DEBUG] debug-file - env: hvigor-config.json5 content = {
  modelVersion: '5.0.5',
  dependencies: {},
  execution: {},
  logging: {},
  debugging: {},
  nodeOptions: {}
}
[2025-06-10T19:26:47.495] [DEBUG] debug-file - Since current hvigor version 5.17.2 differs from last hvigor version 
      undefined, delete file-cache.json and task-cache.json.
[2025-06-10T19:26:48.701] [DEBUG] debug-file - hvigorfile, binding system plugins [Function: appTasks]
[2025-06-10T19:26:48.901] [DEBUG] debug-file - Picking option from product 'default' with build mode 'debug'.
[2025-06-10T19:26:48.984] [DEBUG] debug-file - hvigorfile, binding custom plugins []
[2025-06-10T19:26:48.996] [DEBUG] debug-file - hvigorfile, require result:  { default: { system: [Function: hapTasks], plugins: [] } }
[2025-06-10T19:26:49.007] [DEBUG] debug-file - Target 'default' config: {}
[2025-06-10T19:26:49.015] [DEBUG] debug-file - hvigorfile, binding custom plugins []
[2025-06-10T19:26:49.018] [DEBUG] debug-file - start to load updatedOhPackageInfo to the disk
[2025-06-10T19:26:49.039] [DEBUG] debug-file - clean: Worker pool is inactive.
[2025-06-10T19:26:49.053] [DEBUG] debug-file - runTaskFromQueue task cost before running: 1 s 576 ms 
[2025-06-10T19:26:49.065] [DEBUG] debug-file - Module 'entry' target 'ohosTest' using build option: {
  "debuggable": true,
  "strictMode": {
    "caseSensitiveCheck": true,
    "useNormalizedOHMUrl": true
  },
  "name": "default"
} in this build.
[2025-06-10T19:26:49.079] [DEBUG] debug-file - Create  resident worker with id: 0.
[2025-06-10T19:26:47.104] [DEBUG] debug-file - env: daemon=false
[2025-06-10T19:26:47.495] [DEBUG] debug-file - Cache service initialization finished in 2 ms 
[2025-06-10T19:26:48.901] [DEBUG] debug-file - Product 'default' build option: {}
[2025-06-10T19:26:48.984] [DEBUG] debug-file - hvigorfile, no custom plugins were found in /Users/qiyue/github/XRouter/hvigorfile.ts
[2025-06-10T19:26:48.996] [DEBUG] debug-file - hvigorfile, binding system plugins [Function: hapTasks]
[2025-06-10T19:26:49.008] [DEBUG] debug-file - Target 'ohosTest' config: {}
[2025-06-10T19:26:49.015] [DEBUG] debug-file - hvigorfile, no custom plugins were found in /Users/qiyue/github/XRouter/entry/hvigorfile.ts
[2025-06-10T19:26:49.020] [DEBUG] debug-file - load to the disk finished
[2025-06-10T19:26:49.054] [INFO] debug-file - Finished :entry:clean... after 15 ms 
[2025-06-10T19:26:49.077] [DEBUG] debug-file - Since there is no instance or instance is terminated, create a new worker pool.
[2025-06-10T19:26:49.081] [DEBUG] debug-file - Create  resident worker with id: 1.
[2025-06-10T19:26:47.104] [DEBUG] debug-file - no-daemon, use the parent process.execArgv --max-old-space-size=8192,--expose-gc
[2025-06-10T19:26:48.901] [DEBUG] debug-file - End initialize project's product build option map with build mode 'debug'.
[2025-06-10T19:26:48.984] [DEBUG] debug-file - hvigorfile, resolve finished /Users/qiyue/github/XRouter/hvigorfile.ts
[2025-06-10T19:26:49.008] [DEBUG] debug-file - Module 'entry' target 'default' build option: {
  "debuggable": true,
  "copyFrom": "default",
  "strictMode": {
    "caseSensitiveCheck": true,
    "useNormalizedOHMUrl": true
  },
  "name": "debug"
}
[2025-06-10T19:26:49.015] [DEBUG] debug-file - hvigorfile, resolve finished /Users/qiyue/github/XRouter/entry/hvigorfile.ts
[2025-06-10T19:26:49.021] [DEBUG] debug-file - Start to initialize dependency information.
[2025-06-10T19:26:49.054] [DEBUG] debug-file - Executing task ::clean
[2025-06-10T19:26:49.077] [DEBUG] debug-file - Worker pool is initialized with config:  {
  minPoolNum: 2,
  maxPoolNum: undefined,
  maxCoreSize: undefined,
  cacheCapacity: undefined,
  cacheTtl: undefined
}
[2025-06-10T19:26:49.082] [DEBUG] debug-file - Current worker pool is stopped or closed.
[2025-06-10T19:26:49.008] [DEBUG] debug-file - Module 'entry' target 'ohosTest' build option: {
  "debuggable": true,
  "strictMode": {
    "caseSensitiveCheck": true,
    "useNormalizedOHMUrl": true
  },
  "name": "default"
}
[2025-06-10T19:26:49.027] [DEBUG] debug-file - Module XRouter Collected Dependency: 
[2025-06-10T19:26:49.054] [DEBUG] debug-file - clean: Worker pool is inactive.
[2025-06-10T19:26:49.082] [DEBUG] debug-file - Clear worker 0.
[2025-06-10T19:26:49.027] [DEBUG] debug-file - Module XRouter's total dependency: 0
[2025-06-10T19:26:49.008] [DEBUG] debug-file - End initialize module-target build option map, moduleName=entry
[2025-06-10T19:26:49.055] [DEBUG] debug-file - XRouter : clean cost memory 0.02703857421875
[2025-06-10T19:26:49.082] [DEBUG] debug-file - Worker 0 has been cleared.
[2025-06-10T19:26:49.027] [DEBUG] debug-file - Start to initialize dependency information.
[2025-06-10T19:26:49.008] [DEBUG] debug-file - Module 'entry' target 'default' using build option: {
  "debuggable": true,
  "copyFrom": "default",
  "strictMode": {
    "caseSensitiveCheck": true,
    "useNormalizedOHMUrl": true
  },
  "name": "debug"
} in this build.
[2025-06-10T19:26:49.055] [DEBUG] debug-file - runTaskFromQueue task cost before running: 1 s 578 ms 
[2025-06-10T19:26:49.083] [DEBUG] debug-file - Current idle worker size: 1.
[2025-06-10T19:26:49.029] [DEBUG] debug-file - Module entry Collected Dependency: 
[2025-06-10T19:26:49.055] [INFO] debug-file - Finished ::clean... after 1 ms 
[2025-06-10T19:26:49.083] [DEBUG] debug-file - Current busy worker size: 0.
[2025-06-10T19:26:49.029] [DEBUG] debug-file - Module entry's total dependency: 0
[2025-06-10T19:26:49.055] [DEBUG] debug-file - Executing task :entry:init
[2025-06-10T19:26:49.083] [DEBUG] debug-file - Clear worker 1.
[2025-06-10T19:26:49.033] [DEBUG] debug-file - Configuration phase cost:1 s 533 ms 
[2025-06-10T19:26:49.055] [DEBUG] debug-file - entry : init cost memory 0.01275634765625
[2025-06-10T19:26:49.083] [DEBUG] debug-file - Worker 1 has been cleared.
[2025-06-10T19:26:49.055] [DEBUG] debug-file - runTaskFromQueue task cost before running: 1 s 578 ms 
[2025-06-10T19:26:49.083] [DEBUG] debug-file - Current idle worker size: 0.
[2025-06-10T19:26:49.055] [INFO] debug-file - Finished :entry:init... after 1 ms 
[2025-06-10T19:26:49.083] [DEBUG] debug-file - Current busy worker size: 0.
[2025-06-10T19:26:49.055] [DEBUG] debug-file - Executing task ::init
[2025-06-10T19:26:49.083] [DEBUG] debug-file - hvigor build process will be closed.
[2025-06-10T19:26:49.056] [DEBUG] debug-file - XRouter : init cost memory 0.00897216796875
[2025-06-10T19:26:49.088] [DEBUG] debug-file - worker[0] exits with exit code 0.
[2025-06-10T19:26:49.056] [DEBUG] debug-file - runTaskFromQueue task cost before running: 1 s 579 ms 
[2025-06-10T19:26:49.088] [DEBUG] debug-file - worker[1] exits with exit code 0.
[2025-06-10T19:26:49.056] [INFO] debug-file - Finished ::init... after 1 ms 
[2025-06-10T19:26:49.089] [DEBUG] debug-file - Current worker pool is terminated.
[2025-06-10T19:27:18.919] [DEBUG] debug-file - env: nodejsVersion=v18.20.1
[2025-06-10T19:27:18.948] [DEBUG] debug-file - env: daemon=true
[2025-06-10T19:27:18.921] [DEBUG] debug-file - env: hvigor-config.json5 content = {
  modelVersion: '5.0.5',
  dependencies: {},
  execution: {},
  logging: {},
  debugging: {},
  nodeOptions: {}
}
[2025-06-10T19:27:19.439] [DEBUG] debug-file - java daemon tryConnect success
[2025-06-10T19:27:19.457] [DEBUG] debug-file - session manager: set active socket. socketId=Z-GxOFxIPGbhJUjhAAAB
[2025-06-10T19:27:19.839] [DEBUG] debug-file - watch worker: worker id should be larger than 0. Nothing will be sent to any worker thread.
[2025-06-10T19:27:19.854] [DEBUG] debug-file - Hvigor init with startParameters:{
  hvigorfileTypeCheck: false,
  parallelExecution: true,
  incrementalExecution: true,
  printStackTrace: false,
  daemon: true,
  analyze: 0,
  logLevel: Level { level: 20000, levelStr: 'INFO', colour: 'green' }
}
[2025-06-10T19:27:19.856] [DEBUG] debug-file - Cache service initialization finished in 2 ms 
[2025-06-10T19:27:19.866] [DEBUG] debug-file - hvigorfile, resolving /Users/qiyue/github/XRouter/hvigorfile.ts
[2025-06-10T19:27:21.122] [DEBUG] debug-file - hvigorfile, require result:  { default: { plugins: [] } }
[2025-06-10T19:27:21.122] [DEBUG] debug-file - hvigorfile, binding system plugins null
[2025-06-10T19:27:21.318] [DEBUG] debug-file - Start initialize project's product build option map with build mode debug.
[2025-06-10T19:27:21.319] [DEBUG] debug-file - Picking option from product 'default' with build mode 'debug'.
[2025-06-10T19:27:21.319] [DEBUG] debug-file - Product 'default' build option: {}
[2025-06-10T19:27:21.319] [DEBUG] debug-file - End initialize project's product build option map with build mode 'debug'.
[2025-06-10T19:27:21.322] [DEBUG] debug-file - Product 'default' using build option: {
  "debuggable": true,
  "strictMode": {
    "caseSensitiveCheck": true,
    "useNormalizedOHMUrl": true
  }
} in this build.
[2025-06-10T19:27:21.335] [DEBUG] debug-file - Local scan or download HarmonyOS sdk components toolchains,ets,js,native,previewer
[2025-06-10T19:27:21.338] [DEBUG] debug-file - Local scan or download hmscore sdk components toolchains,ets,native
[2025-06-10T19:27:21.343] [DEBUG] debug-file - Start recording SDK configuration permission data.
[2025-06-10T19:27:21.376] [DEBUG] debug-file - Sdk init in 44 ms 
[2025-06-10T19:27:21.392] [DEBUG] debug-file - Project task initialization takes 15 ms 
[2025-06-10T19:27:21.393] [DEBUG] debug-file - hvigorfile, binding custom plugins []
[2025-06-10T19:27:21.393] [DEBUG] debug-file - hvigorfile, no custom plugins were found in /Users/qiyue/github/XRouter/hvigorfile.ts
[2025-06-10T19:27:21.393] [DEBUG] debug-file - hvigorfile, resolve finished /Users/qiyue/github/XRouter/hvigorfile.ts
[2025-06-10T19:27:21.398] [DEBUG] debug-file - hvigorfile, resolving /Users/qiyue/github/XRouter/entry/hvigorfile.ts
[2025-06-10T19:27:21.404] [DEBUG] debug-file - hvigorfile, require result:  { default: { plugins: [] } }
[2025-06-10T19:27:21.404] [DEBUG] debug-file - hvigorfile, binding system plugins null
[2025-06-10T19:27:21.413] [DEBUG] debug-file - Start initialize module-target build option map, moduleName=entry, buildMode=debug
[2025-06-10T19:27:21.414] [DEBUG] debug-file - Target 'default' config: {}
[2025-06-10T19:27:21.414] [DEBUG] debug-file - Target 'ohosTest' config: {}
[2025-06-10T19:27:21.415] [DEBUG] debug-file - Module 'entry' target 'default' build option: {
  "debuggable": true,
  "copyFrom": "default",
  "strictMode": {
    "caseSensitiveCheck": true,
    "useNormalizedOHMUrl": true
  },
  "name": "debug"
}
[2025-06-10T19:27:21.415] [DEBUG] debug-file - Module 'entry' target 'ohosTest' build option: {
  "debuggable": true,
  "strictMode": {
    "caseSensitiveCheck": true,
    "useNormalizedOHMUrl": true
  },
  "name": "default"
}
[2025-06-10T19:27:21.415] [DEBUG] debug-file - End initialize module-target build option map, moduleName=entry
[2025-06-10T19:27:21.415] [DEBUG] debug-file - Module 'entry' target 'default' using build option: {
  "debuggable": true,
  "copyFrom": "default",
  "strictMode": {
    "caseSensitiveCheck": true,
    "useNormalizedOHMUrl": true
  },
  "name": "debug"
} in this build.
[2025-06-10T19:27:21.422] [DEBUG] debug-file - Module entry task initialization takes 5 ms 
[2025-06-10T19:27:21.422] [DEBUG] debug-file - hvigorfile, binding custom plugins []
[2025-06-10T19:27:21.422] [DEBUG] debug-file - hvigorfile, no custom plugins were found in /Users/qiyue/github/XRouter/entry/hvigorfile.ts
[2025-06-10T19:27:21.422] [DEBUG] debug-file - hvigorfile, resolve finished /Users/qiyue/github/XRouter/entry/hvigorfile.ts
[2025-06-10T19:27:21.498] [DEBUG] debug-file - hvigorfile, resolve hvigorfile dependencies in 75 ms 
[2025-06-10T19:27:21.499] [DEBUG] debug-file - project has submodules:entry
[2025-06-10T19:27:21.501] [DEBUG] debug-file - start to load updatedOhPackageInfo to the disk
[2025-06-10T19:27:21.504] [DEBUG] debug-file - load to the disk finished
[2025-06-10T19:27:21.505] [DEBUG] debug-file - Start to initialize dependency information.
[2025-06-10T19:27:21.511] [DEBUG] debug-file - Module XRouter Collected Dependency: 
[2025-06-10T19:27:21.511] [DEBUG] debug-file - Module XRouter's total dependency: 0
[2025-06-10T19:27:21.512] [DEBUG] debug-file - Start to initialize dependency information.
[2025-06-10T19:27:21.513] [DEBUG] debug-file - Module entry Collected Dependency: 
[2025-06-10T19:27:21.514] [DEBUG] debug-file - Module entry's total dependency: 0
[2025-06-10T19:27:21.518] [DEBUG] debug-file - Configuration phase cost:1 s 659 ms 
[2025-06-10T19:27:21.521] [DEBUG] debug-file - Configuration task cost before running: 1 s 679 ms 
[2025-06-10T19:27:21.523] [DEBUG] debug-file - jsonObjWithoutParam {} at undefined
[2025-06-10T19:27:21.523] [DEBUG] debug-file - jsonObjWithoutParam {"name":"entry","version":"1.0.0","description":"Please describe the basic information.","main":"","author":"","license":"","dependencies":{}} at undefined
[2025-06-10T19:27:21.526] [DEBUG] debug-file - Executing task :entry:default@PreBuild
[2025-06-10T19:27:21.531] [DEBUG] debug-file - jsonObjWithoutParam {} at undefined
[2025-06-10T19:27:21.531] [DEBUG] debug-file - jsonObjWithoutParam {"name":"entry","version":"1.0.0","description":"Please describe the basic information.","main":"","author":"","license":"","dependencies":{}} at undefined
[2025-06-10T19:27:21.649] [DEBUG] debug-file - current product is not Atomic service.
[2025-06-10T19:27:21.650] [DEBUG] debug-file - Use tool [darwin: JAVA_HOME, CLASSPATH]
 [
  {
    JAVA_HOME: '/Applications/DevEco-Studio.app/Contents/jbr/Contents/Home'
  },
  { CLASSPATH: undefined }
]
[2025-06-10T19:27:21.650] [DEBUG] debug-file - Use tool [darwin: NODE_HOME]
 [
  {
    NODE_HOME: '/Applications/DevEco-Studio.app/Contents/tools/node/bin'
  }
]
[2025-06-10T19:27:21.651] [DEBUG] debug-file - entry : default@PreBuild cost memory 6.464561462402344
[2025-06-10T19:27:21.651] [DEBUG] debug-file - runTaskFromQueue task cost before running: 1 s 809 ms 
[2025-06-10T19:27:21.652] [INFO] debug-file - Finished :entry:default@PreBuild... after 125 ms 
[2025-06-10T19:27:21.653] [DEBUG] debug-file - jsonObjWithoutParam {} at undefined
[2025-06-10T19:27:21.653] [DEBUG] debug-file - jsonObjWithoutParam {"name":"entry","version":"1.0.0","description":"Please describe the basic information.","main":"","author":"","license":"","dependencies":{}} at undefined
[2025-06-10T19:27:21.654] [DEBUG] debug-file - Executing task :entry:default@CreateModuleInfo
[2025-06-10T19:27:21.654] [DEBUG] debug-file - Task 'entry:default@CreateModuleInfo' cost while wrapping incremental declarations: 1 ms 
[2025-06-10T19:27:21.655] [DEBUG] debug-file - entry : default@CreateModuleInfo cost memory 0.0538787841796875
[2025-06-10T19:27:21.655] [DEBUG] debug-file - runTaskFromQueue task cost before running: 1 s 813 ms 
[2025-06-10T19:27:21.655] [INFO] debug-file - Finished :entry:default@CreateModuleInfo... after 2 ms 
[2025-06-10T19:27:21.657] [DEBUG] debug-file - jsonObjWithoutParam {} at undefined
[2025-06-10T19:27:21.657] [DEBUG] debug-file - jsonObjWithoutParam {"name":"entry","version":"1.0.0","description":"Please describe the basic information.","main":"","author":"","license":"","dependencies":{}} at undefined
[2025-06-10T19:27:21.658] [DEBUG] debug-file - Executing task :entry:default@GenerateMetadata
[2025-06-10T19:27:21.659] [DEBUG] debug-file - Task 'entry:default@GenerateMetadata' cost while wrapping incremental declarations: 1 ms 
[2025-06-10T19:27:21.659] [DEBUG] debug-file - jsonObjWithoutParam {} at undefined
[2025-06-10T19:27:21.659] [DEBUG] debug-file - jsonObjWithoutParam {"name":"entry","version":"1.0.0","description":"Please describe the basic information.","main":"","author":"","license":"","dependencies":{}} at undefined
[2025-06-10T19:27:21.660] [DEBUG] debug-file - entry : default@GenerateMetadata cost memory 0.10138702392578125
[2025-06-10T19:27:21.661] [DEBUG] debug-file - runTaskFromQueue task cost before running: 1 s 819 ms 
[2025-06-10T19:27:21.661] [INFO] debug-file - Finished :entry:default@GenerateMetadata... after 3 ms 
[2025-06-10T19:27:21.662] [DEBUG] debug-file - jsonObjWithoutParam {} at undefined
[2025-06-10T19:27:21.662] [DEBUG] debug-file - jsonObjWithoutParam {"name":"entry","version":"1.0.0","description":"Please describe the basic information.","main":"","author":"","license":"","dependencies":{}} at undefined
[2025-06-10T19:27:21.662] [DEBUG] debug-file - Executing task :entry:default@ConfigureCmake
[2025-06-10T19:27:21.662] [DEBUG] debug-file - jsonObjWithoutParam {} at undefined
[2025-06-10T19:27:21.662] [DEBUG] debug-file - jsonObjWithoutParam {"name":"entry","version":"1.0.0","description":"Please describe the basic information.","main":"","author":"","license":"","dependencies":{}} at undefined
[2025-06-10T19:27:21.662] [DEBUG] debug-file - entry : default@ConfigureCmake cost memory 0.03719329833984375
[2025-06-10T19:27:21.663] [DEBUG] debug-file - runTaskFromQueue task cost before running: 1 s 821 ms 
[2025-06-10T19:27:21.663] [INFO] debug-file - Finished :entry:default@ConfigureCmake... after 1 ms 
[2025-06-10T19:27:21.664] [DEBUG] debug-file - jsonObjWithoutParam {} at undefined
[2025-06-10T19:27:21.664] [DEBUG] debug-file - jsonObjWithoutParam {"name":"entry","version":"1.0.0","description":"Please describe the basic information.","main":"","author":"","license":"","dependencies":{}} at undefined
[2025-06-10T19:27:21.665] [DEBUG] debug-file - Executing task :entry:default@MergeProfile
[2025-06-10T19:27:21.665] [DEBUG] debug-file - jsonObjWithoutParam {} at undefined
[2025-06-10T19:27:21.665] [DEBUG] debug-file - jsonObjWithoutParam {"name":"entry","version":"1.0.0","description":"Please describe the basic information.","main":"","author":"","license":"","dependencies":{}} at undefined
[2025-06-10T19:27:21.666] [DEBUG] debug-file - Change app api release type with 'Release'
[2025-06-10T19:27:21.666] [DEBUG] debug-file - Change app compile API version with '5.0.5.165'
[2025-06-10T19:27:21.666] [DEBUG] debug-file - Change app target API version with '50005017'
[2025-06-10T19:27:21.666] [DEBUG] debug-file - Change app minimum API version with '50005017'
[2025-06-10T19:27:21.666] [DEBUG] debug-file - Use cli appEnvironment
[2025-06-10T19:27:21.668] [DEBUG] debug-file - entry : default@MergeProfile cost memory 0.17731475830078125
[2025-06-10T19:27:21.668] [DEBUG] debug-file - runTaskFromQueue task cost before running: 1 s 826 ms 
[2025-06-10T19:27:21.668] [INFO] debug-file - Finished :entry:default@MergeProfile... after 4 ms 
[2025-06-10T19:27:21.669] [DEBUG] debug-file - jsonObjWithoutParam {} at undefined
[2025-06-10T19:27:21.669] [DEBUG] debug-file - jsonObjWithoutParam {"name":"entry","version":"1.0.0","description":"Please describe the basic information.","main":"","author":"","license":"","dependencies":{}} at undefined
[2025-06-10T19:27:21.670] [DEBUG] debug-file - Executing task :entry:default@CreateBuildProfile
[2025-06-10T19:27:21.670] [DEBUG] debug-file - Task 'entry:default@CreateBuildProfile' cost while wrapping incremental declarations: 1 ms 
[2025-06-10T19:27:21.670] [DEBUG] debug-file - jsonObjWithoutParam {} at undefined
[2025-06-10T19:27:21.670] [DEBUG] debug-file - jsonObjWithoutParam {"name":"entry","version":"1.0.0","description":"Please describe the basic information.","main":"","author":"","license":"","dependencies":{}} at undefined
[2025-06-10T19:27:21.672] [DEBUG] debug-file - entry : default@CreateBuildProfile cost memory 0.0995330810546875
[2025-06-10T19:27:21.672] [DEBUG] debug-file - runTaskFromQueue task cost before running: 1 s 830 ms 
[2025-06-10T19:27:21.672] [INFO] debug-file - Finished :entry:default@CreateBuildProfile... after 2 ms 
[2025-06-10T19:27:21.673] [DEBUG] debug-file - jsonObjWithoutParam {} at undefined
[2025-06-10T19:27:21.673] [DEBUG] debug-file - jsonObjWithoutParam {"name":"entry","version":"1.0.0","description":"Please describe the basic information.","main":"","author":"","license":"","dependencies":{}} at undefined
[2025-06-10T19:27:21.674] [DEBUG] debug-file - Executing task :entry:default@PreCheckSyscap
[2025-06-10T19:27:21.674] [DEBUG] debug-file - jsonObjWithoutParam {} at undefined
[2025-06-10T19:27:21.674] [DEBUG] debug-file - jsonObjWithoutParam {"name":"entry","version":"1.0.0","description":"Please describe the basic information.","main":"","author":"","license":"","dependencies":{}} at undefined
[2025-06-10T19:27:21.674] [DEBUG] debug-file - entry : default@PreCheckSyscap cost memory 0.0374298095703125
[2025-06-10T19:27:21.674] [DEBUG] debug-file - runTaskFromQueue task cost before running: 1 s 832 ms 
[2025-06-10T19:27:21.674] [INFO] debug-file - Finished :entry:default@PreCheckSyscap... after 1 ms 
[2025-06-10T19:27:21.675] [DEBUG] debug-file - jsonObjWithoutParam {} at undefined
[2025-06-10T19:27:21.676] [DEBUG] debug-file - jsonObjWithoutParam {"name":"entry","version":"1.0.0","description":"Please describe the basic information.","main":"","author":"","license":"","dependencies":{}} at undefined
[2025-06-10T19:27:21.679] [DEBUG] debug-file - Executing task :entry:default@GeneratePkgContextInfo
[2025-06-10T19:27:21.679] [DEBUG] debug-file - Task 'entry:default@GeneratePkgContextInfo' cost while wrapping incremental declarations: 1 ms 
[2025-06-10T19:27:21.680] [DEBUG] debug-file - entry : default@GeneratePkgContextInfo cost memory 0.0402984619140625
[2025-06-10T19:27:21.680] [DEBUG] debug-file - runTaskFromQueue task cost before running: 1 s 838 ms 
[2025-06-10T19:27:21.680] [INFO] debug-file - Finished :entry:default@GeneratePkgContextInfo... after 1 ms 
[2025-06-10T19:27:21.681] [DEBUG] debug-file - jsonObjWithoutParam {} at undefined
[2025-06-10T19:27:21.681] [DEBUG] debug-file - jsonObjWithoutParam {"name":"entry","version":"1.0.0","description":"Please describe the basic information.","main":"","author":"","license":"","dependencies":{}} at undefined
[2025-06-10T19:27:21.683] [DEBUG] debug-file - Executing task :entry:default@ProcessIntegratedHsp
[2025-06-10T19:27:21.683] [DEBUG] debug-file - jsonObjWithoutParam {} at undefined
[2025-06-10T19:27:21.683] [DEBUG] debug-file - jsonObjWithoutParam {"name":"entry","version":"1.0.0","description":"Please describe the basic information.","main":"","author":"","license":"","dependencies":{}} at undefined
[2025-06-10T19:27:21.683] [DEBUG] debug-file - entry : default@ProcessIntegratedHsp cost memory 0.06818389892578125
[2025-06-10T19:27:21.683] [DEBUG] debug-file - runTaskFromQueue task cost before running: 1 s 842 ms 
[2025-06-10T19:27:21.684] [INFO] debug-file - Finished :entry:default@ProcessIntegratedHsp... after 1 ms 
[2025-06-10T19:27:21.685] [DEBUG] debug-file - jsonObjWithoutParam {} at undefined
[2025-06-10T19:27:21.685] [DEBUG] debug-file - jsonObjWithoutParam {"name":"entry","version":"1.0.0","description":"Please describe the basic information.","main":"","author":"","license":"","dependencies":{}} at undefined
[2025-06-10T19:27:21.686] [DEBUG] debug-file - Executing task :entry:default@BuildNativeWithCmake
[2025-06-10T19:27:21.686] [DEBUG] debug-file - jsonObjWithoutParam {} at undefined
[2025-06-10T19:27:21.686] [DEBUG] debug-file - jsonObjWithoutParam {"name":"entry","version":"1.0.0","description":"Please describe the basic information.","main":"","author":"","license":"","dependencies":{}} at undefined
[2025-06-10T19:27:21.686] [DEBUG] debug-file - entry : default@BuildNativeWithCmake cost memory 0.0386199951171875
[2025-06-10T19:27:21.686] [DEBUG] debug-file - runTaskFromQueue task cost before running: 1 s 844 ms 
[2025-06-10T19:27:21.686] [INFO] debug-file - Finished :entry:default@BuildNativeWithCmake... after 1 ms 
[2025-06-10T19:27:21.687] [DEBUG] debug-file - jsonObjWithoutParam {} at undefined
[2025-06-10T19:27:21.687] [DEBUG] debug-file - jsonObjWithoutParam {"name":"entry","version":"1.0.0","description":"Please describe the basic information.","main":"","author":"","license":"","dependencies":{}} at undefined
[2025-06-10T19:27:21.688] [DEBUG] debug-file - Executing task :entry:default@MakePackInfo
[2025-06-10T19:27:21.689] [DEBUG] debug-file - jsonObjWithoutParam {} at undefined
[2025-06-10T19:27:21.689] [DEBUG] debug-file - jsonObjWithoutParam {"name":"entry","version":"1.0.0","description":"Please describe the basic information.","main":"","author":"","license":"","dependencies":{}} at undefined
[2025-06-10T19:27:21.690] [DEBUG] debug-file - Module Pack Info:  {
  summary: {
    app: { bundleName: 'c***r', bundleType: 'app', version: [Object] },
    modules: [ [Object] ]
  },
  packages: [
    {
      deviceType: [Array],
      moduleType: 'entry',
      deliveryWithInstall: true,
      name: 'entry-default'
    }
  ]
}
[2025-06-10T19:27:21.691] [DEBUG] debug-file - entry : default@MakePackInfo cost memory 0.14885711669921875
[2025-06-10T19:27:21.691] [DEBUG] debug-file - runTaskFromQueue task cost before running: 1 s 849 ms 
[2025-06-10T19:27:21.691] [INFO] debug-file - Finished :entry:default@MakePackInfo... after 4 ms 
[2025-06-10T19:27:21.693] [DEBUG] debug-file - jsonObjWithoutParam {} at undefined
[2025-06-10T19:27:21.693] [DEBUG] debug-file - jsonObjWithoutParam {"name":"entry","version":"1.0.0","description":"Please describe the basic information.","main":"","author":"","license":"","dependencies":{}} at undefined
[2025-06-10T19:27:21.694] [DEBUG] debug-file - Executing task :entry:default@SyscapTransform
[2025-06-10T19:27:21.694] [DEBUG] debug-file - File: '/Users/qiyue/github/XRouter/entry/src/main/syscap.json' from 'sysCapJsonPath' is not exists, just ignore.
[2025-06-10T19:27:21.694] [DEBUG] debug-file - Task 'entry:default@SyscapTransform' cost while wrapping incremental declarations: 1 ms 
[2025-06-10T19:27:21.694] [DEBUG] debug-file - jsonObjWithoutParam {} at undefined
[2025-06-10T19:27:21.694] [DEBUG] debug-file - jsonObjWithoutParam {"name":"entry","version":"1.0.0","description":"Please describe the basic information.","main":"","author":"","license":"","dependencies":{}} at undefined
[2025-06-10T19:27:21.694] [DEBUG] debug-file - entry : default@SyscapTransform cost memory 0.072906494140625
[2025-06-10T19:27:21.695] [DEBUG] debug-file - runTaskFromQueue task cost before running: 1 s 853 ms 
[2025-06-10T19:27:21.695] [INFO] debug-file - Finished :entry:default@SyscapTransform... after 1 ms 
[2025-06-10T19:27:21.696] [DEBUG] debug-file - jsonObjWithoutParam {} at undefined
[2025-06-10T19:27:21.696] [DEBUG] debug-file - jsonObjWithoutParam {"name":"entry","version":"1.0.0","description":"Please describe the basic information.","main":"","author":"","license":"","dependencies":{}} at undefined
[2025-06-10T19:27:21.697] [DEBUG] debug-file - Executing task :entry:default@ProcessProfile
[2025-06-10T19:27:21.698] [DEBUG] debug-file - jsonObjWithoutParam {} at undefined
[2025-06-10T19:27:21.698] [DEBUG] debug-file - jsonObjWithoutParam {"name":"entry","version":"1.0.0","description":"Please describe the basic information.","main":"","author":"","license":"","dependencies":{}} at undefined
[2025-06-10T19:27:21.699] [DEBUG] debug-file - [
  '/Applications/DevEco-Studio.app/Contents/tools/node/bin/node',
  '/Applications/DevEco-Studio.app/Contents/sdk/default/openharmony/ets/build-tools/ets-loader/bin/ark/ts2abc.js',
  '--target-api-version',
  '17'
]
[2025-06-10T19:27:21.908] [DEBUG] debug-file - 12.0.6.0
[2025-06-10T19:27:21.910] [DEBUG] debug-file - entry : default@ProcessProfile cost memory 0.5181045532226562
[2025-06-10T19:27:21.910] [DEBUG] debug-file - runTaskFromQueue task cost before running: 2 s 68 ms 
[2025-06-10T19:27:21.910] [INFO] debug-file - Finished :entry:default@ProcessProfile... after 213 ms 
[2025-06-10T19:27:21.911] [DEBUG] debug-file - jsonObjWithoutParam {} at undefined
[2025-06-10T19:27:21.911] [DEBUG] debug-file - jsonObjWithoutParam {"name":"entry","version":"1.0.0","description":"Please describe the basic information.","main":"","author":"","license":"","dependencies":{}} at undefined
[2025-06-10T19:27:21.912] [DEBUG] debug-file - Executing task :entry:default@ProcessRouterMap
[2025-06-10T19:27:21.914] [DEBUG] debug-file - jsonObjWithoutParam {} at undefined
[2025-06-10T19:27:21.914] [DEBUG] debug-file - jsonObjWithoutParam {"name":"entry","version":"1.0.0","description":"Please describe the basic information.","main":"","author":"","license":"","dependencies":{}} at undefined
[2025-06-10T19:27:21.915] [DEBUG] debug-file - entry : default@ProcessRouterMap cost memory 0.13140106201171875
[2025-06-10T19:27:21.915] [DEBUG] debug-file - runTaskFromQueue task cost before running: 2 s 73 ms 
[2025-06-10T19:27:21.916] [INFO] debug-file - Finished :entry:default@ProcessRouterMap... after 3 ms 
[2025-06-10T19:27:21.917] [DEBUG] debug-file - jsonObjWithoutParam {} at undefined
[2025-06-10T19:27:21.917] [DEBUG] debug-file - jsonObjWithoutParam {"name":"entry","version":"1.0.0","description":"Please describe the basic information.","main":"","author":"","license":"","dependencies":{}} at undefined
[2025-06-10T19:27:21.917] [DEBUG] debug-file - Executing task :entry:default@BuildNativeWithNinja
[2025-06-10T19:27:21.918] [DEBUG] debug-file - jsonObjWithoutParam {} at undefined
[2025-06-10T19:27:21.918] [DEBUG] debug-file - jsonObjWithoutParam {"name":"entry","version":"1.0.0","description":"Please describe the basic information.","main":"","author":"","license":"","dependencies":{}} at undefined
[2025-06-10T19:27:21.918] [DEBUG] debug-file - entry : default@BuildNativeWithNinja cost memory 0.05764007568359375
[2025-06-10T19:27:21.918] [DEBUG] debug-file - runTaskFromQueue task cost before running: 2 s 77 ms 
[2025-06-10T19:27:21.919] [INFO] debug-file - Finished :entry:default@BuildNativeWithNinja... after 1 ms 
[2025-06-10T19:27:21.920] [DEBUG] debug-file - jsonObjWithoutParam {} at undefined
[2025-06-10T19:27:21.920] [DEBUG] debug-file - jsonObjWithoutParam {"name":"entry","version":"1.0.0","description":"Please describe the basic information.","main":"","author":"","license":"","dependencies":{}} at undefined
[2025-06-10T19:27:21.921] [DEBUG] debug-file - restool module names: entry; moduleName=entry, taskName=default@ProcessResource
[2025-06-10T19:27:21.923] [DEBUG] debug-file - Executing task :entry:default@ProcessResource
[2025-06-10T19:27:21.924] [DEBUG] debug-file - jsonObjWithoutParam {} at undefined
[2025-06-10T19:27:21.924] [DEBUG] debug-file - jsonObjWithoutParam {"name":"entry","version":"1.0.0","description":"Please describe the basic information.","main":"","author":"","license":"","dependencies":{}} at undefined
[2025-06-10T19:27:21.924] [DEBUG] debug-file - entry : default@ProcessResource cost memory 0.1472015380859375
[2025-06-10T19:27:21.925] [DEBUG] debug-file - runTaskFromQueue task cost before running: 2 s 84 ms 
[2025-06-10T19:27:21.926] [INFO] debug-file - Finished :entry:default@ProcessResource... after 3 ms 
[2025-06-10T19:27:21.927] [DEBUG] debug-file - jsonObjWithoutParam {} at undefined
[2025-06-10T19:27:21.927] [DEBUG] debug-file - jsonObjWithoutParam {"name":"entry","version":"1.0.0","description":"Please describe the basic information.","main":"","author":"","license":"","dependencies":{}} at undefined
[2025-06-10T19:27:21.930] [DEBUG] debug-file - Executing task :entry:default@GenerateLoaderJson
[2025-06-10T19:27:21.939] [DEBUG] debug-file - entry : default@GenerateLoaderJson cost memory 0.5691070556640625
[2025-06-10T19:27:21.940] [DEBUG] debug-file - runTaskFromQueue task cost before running: 2 s 98 ms 
[2025-06-10T19:27:21.942] [INFO] debug-file - Finished :entry:default@GenerateLoaderJson... after 10 ms 
[2025-06-10T19:27:21.943] [DEBUG] debug-file - jsonObjWithoutParam {} at undefined
[2025-06-10T19:27:21.943] [DEBUG] debug-file - jsonObjWithoutParam {"name":"entry","version":"1.0.0","description":"Please describe the basic information.","main":"","author":"","license":"","dependencies":{}} at undefined
[2025-06-10T19:27:21.944] [DEBUG] debug-file - Executing task :entry:default@ProcessLibs
[2025-06-10T19:27:21.945] [DEBUG] debug-file - jsonObjWithoutParam {} at undefined
[2025-06-10T19:27:21.945] [DEBUG] debug-file - jsonObjWithoutParam {"name":"entry","version":"1.0.0","description":"Please describe the basic information.","main":"","author":"","license":"","dependencies":{}} at undefined
[2025-06-10T19:27:21.948] [DEBUG] debug-file - Since there is no instance or instance is terminated, create a new worker pool.
[2025-06-10T19:27:21.948] [DEBUG] debug-file - Worker pool is initialized with config:  {
  minPoolNum: 2,
  maxPoolNum: undefined,
  maxCoreSize: undefined,
  cacheCapacity: undefined,
  cacheTtl: undefined
}
[2025-06-10T19:27:21.949] [DEBUG] debug-file - Create  resident worker with id: 0.
[2025-06-10T19:27:21.951] [DEBUG] debug-file - Create  resident worker with id: 1.
[2025-06-10T19:27:21.953] [DEBUG] debug-file - default@ProcessLibs work[0] is submitted.
[2025-06-10T19:27:21.954] [DEBUG] debug-file - default@ProcessLibs work[0] is pushed to ready queue.
[2025-06-10T19:27:21.954] [DEBUG] debug-file - A work dispatched to worker[11] failed because unable to get work from ready queue.
[2025-06-10T19:27:21.954] [DEBUG] debug-file - Create  resident worker with id: 10.
[2025-06-10T19:27:21.955] [DEBUG] debug-file - default@ProcessLibs work[0] has been dispatched to worker[10].
[2025-06-10T19:27:21.955] [DEBUG] debug-file - default@ProcessLibs work[0] is dispatched.
[2025-06-10T19:27:21.955] [DEBUG] debug-file - entry : default@ProcessLibs cost memory 1.35992431640625
[2025-06-10T19:27:21.957] [DEBUG] debug-file - jsonObjWithoutParam {} at undefined
[2025-06-10T19:27:21.957] [DEBUG] debug-file - jsonObjWithoutParam {"name":"entry","version":"1.0.0","description":"Please describe the basic information.","main":"","author":"","license":"","dependencies":{}} at undefined
[2025-06-10T19:27:21.957] [DEBUG] debug-file - restool module names: entry; moduleName=entry, taskName=default@CompileResource
[2025-06-10T19:27:21.959] [DEBUG] debug-file - Executing task :entry:default@CompileResource
[2025-06-10T19:27:22.137] [DEBUG] debug-file - Use tool [/Applications/DevEco-Studio.app/Contents/sdk/default/openharmony/toolchains/restool]
 [
  '/Applications/DevEco-Studio.app/Contents/sdk/default/openharmony/toolchains/restool',
  '-l',
  '/Users/qiyue/github/XRouter/entry/build/default/intermediates/res/default/resConfig.json'
]
[2025-06-10T19:27:22.138] [DEBUG] debug-file - current process  memoryUsage: {
  rss: 285798400,
  heapTotal: 168534016,
  heapUsed: 143762136,
  external: 2870300,
  arrayBuffers: 935735
} os memoryUsage :15.956378936767578
[2025-06-10T19:27:22.686] [DEBUG] debug-file - worker[10] has one work done.
[2025-06-10T19:27:22.687] [DEBUG] debug-file - default@ProcessLibs work[0] done.
[2025-06-10T19:27:22.687] [DEBUG] debug-file - A work dispatched to worker[10] failed because unable to get work from ready queue.
[2025-06-10T19:27:22.687] [INFO] debug-file - Finished :entry:default@ProcessLibs... after 13 ms 
[2025-06-10T19:27:22.689] [DEBUG] debug-file - jsonObjWithoutParam {} at undefined
[2025-06-10T19:27:22.689] [DEBUG] debug-file - jsonObjWithoutParam {"name":"entry","version":"1.0.0","description":"Please describe the basic information.","main":"","author":"","license":"","dependencies":{}} at undefined
[2025-06-10T19:27:22.691] [DEBUG] debug-file - Executing task :entry:default@DoNativeStrip
[2025-06-10T19:27:22.691] [DEBUG] debug-file - Task 'entry:default@DoNativeStrip' cost while wrapping incremental declarations: 1 ms 
[2025-06-10T19:27:22.692] [DEBUG] debug-file - jsonObjWithoutParam {} at undefined
[2025-06-10T19:27:22.692] [DEBUG] debug-file - jsonObjWithoutParam {"name":"entry","version":"1.0.0","description":"Please describe the basic information.","main":"","author":"","license":"","dependencies":{}} at undefined
[2025-06-10T19:27:22.692] [DEBUG] debug-file - default@DoNativeStrip work[1] is submitted.
[2025-06-10T19:27:22.693] [DEBUG] debug-file - default@DoNativeStrip work[1] is pushed to ready queue.
[2025-06-10T19:27:22.693] [DEBUG] debug-file - A work dispatched to worker[11] failed because unable to get work from ready queue.
[2025-06-10T19:27:22.693] [DEBUG] debug-file - default@DoNativeStrip work[1] has been dispatched to worker[10].
[2025-06-10T19:27:22.693] [DEBUG] debug-file - default@DoNativeStrip work[1] is dispatched.
[2025-06-10T19:27:22.693] [DEBUG] debug-file - entry : default@DoNativeStrip cost memory 0.1890106201171875
[2025-06-10T19:27:22.704] [DEBUG] debug-file - worker[10] has one work done.
[2025-06-10T19:27:22.704] [DEBUG] debug-file - default@DoNativeStrip work[1] done.
[2025-06-10T19:27:22.705] [DEBUG] debug-file - A work dispatched to worker[10] failed because unable to get work from ready queue.
[2025-06-10T19:27:22.705] [INFO] debug-file - Finished :entry:default@DoNativeStrip... after 10 ms 
[2025-06-10T19:27:22.706] [DEBUG] debug-file - jsonObjWithoutParam {} at undefined
[2025-06-10T19:27:22.706] [DEBUG] debug-file - jsonObjWithoutParam {"name":"entry","version":"1.0.0","description":"Please describe the basic information.","main":"","author":"","license":"","dependencies":{}} at undefined
[2025-06-10T19:27:22.708] [DEBUG] debug-file - Executing task :entry:default@CacheNativeLibs
[2025-06-10T19:27:22.708] [DEBUG] debug-file - Task 'entry:default@CacheNativeLibs' cost while wrapping incremental declarations: 1 ms 
[2025-06-10T19:27:22.708] [DEBUG] debug-file - jsonObjWithoutParam {} at undefined
[2025-06-10T19:27:22.708] [DEBUG] debug-file - jsonObjWithoutParam {"name":"entry","version":"1.0.0","description":"Please describe the basic information.","main":"","author":"","license":"","dependencies":{}} at undefined
[2025-06-10T19:27:22.709] [DEBUG] debug-file - default@CacheNativeLibs work[2] is submitted.
[2025-06-10T19:27:22.709] [DEBUG] debug-file - default@CacheNativeLibs work[2] is pushed to ready queue.
[2025-06-10T19:27:22.709] [DEBUG] debug-file - A work dispatched to worker[11] failed because unable to get work from ready queue.
[2025-06-10T19:27:22.710] [DEBUG] debug-file - default@CacheNativeLibs work[2] has been dispatched to worker[10].
[2025-06-10T19:27:22.710] [DEBUG] debug-file - default@CacheNativeLibs work[2] is dispatched.
[2025-06-10T19:27:22.710] [DEBUG] debug-file - entry : default@CacheNativeLibs cost memory 0.17646026611328125
[2025-06-10T19:27:22.853] [DEBUG] debug-file - Info: thread pool is started

[2025-06-10T19:27:22.855] [DEBUG] debug-file - Info: GenericCompiler::CompileFiles

[2025-06-10T19:27:22.855] [DEBUG] debug-file - Info: thread pool is started

[2025-06-10T19:27:22.857] [DEBUG] debug-file - Info: thread pool is stopped

[2025-06-10T19:27:22.859] [DEBUG] debug-file - Info: GenericCompiler::CompileFiles

[2025-06-10T19:27:22.860] [DEBUG] debug-file - Info: thread pool is started

[2025-06-10T19:27:22.860] [DEBUG] debug-file - Info: thread pool is stopped

[2025-06-10T19:27:22.861] [DEBUG] debug-file - Info: GenericCompiler::CompileFiles

[2025-06-10T19:27:22.861] [DEBUG] debug-file - Info: thread pool is started

[2025-06-10T19:27:22.861] [DEBUG] debug-file - Info: thread pool is stopped

[2025-06-10T19:27:22.864] [DEBUG] debug-file - 06-10 19:27:22.863 23759 190037 E C01400/ImageTranscoderUtils: DecodeToRGBA IN

[2025-06-10T19:27:22.864] [DEBUG] debug-file - 06-10 19:27:22.864 23759 190037 E C01400/ImageTranscoderUtils: ImageFilter IN /Users/qiyue/github/XRouter/AppScope/resources/base/media/background.png

[2025-06-10T19:27:22.912] [DEBUG] debug-file - 06-10 19:27:22.912 23759 190037 E C01400/ImageTranscoderUtils: DecodeToRGBA IN
06-10 19:27:22.912 23759 190037 E C01400/ImageTranscoderUtils: ImageFilter IN /Users/qiyue/github/XRouter/AppScope/resources/base/media/foreground.png

[2025-06-10T19:27:22.953] [DEBUG] debug-file - Info: can't scale media json file.

[2025-06-10T19:27:22.954] [DEBUG] debug-file - Warning: /Users/qiyue/github/XRouter/AppScope/resources/base/media/layered_image.json is not png format

[2025-06-10T19:27:22.954] [DEBUG] debug-file - Info: thread pool is stopped

[2025-06-10T19:27:22.955] [DEBUG] debug-file - Info: restool resources compile success.

[2025-06-10T19:27:22.958] [DEBUG] debug-file - astcenc customized so is not be opened when dlclose!

[2025-06-10T19:27:22.963] [DEBUG] debug-file - entry : default@CompileResource cost memory -0.20935821533203125
[2025-06-10T19:27:22.964] [DEBUG] debug-file - runTaskFromQueue task cost before running: 3 s 122 ms 
[2025-06-10T19:27:22.964] [INFO] debug-file - Finished :entry:default@CompileResource... after 1 s 5 ms 
[2025-06-10T19:27:22.966] [DEBUG] debug-file - jsonObjWithoutParam {} at undefined
[2025-06-10T19:27:22.966] [DEBUG] debug-file - jsonObjWithoutParam {"name":"entry","version":"1.0.0","description":"Please describe the basic information.","main":"","author":"","license":"","dependencies":{}} at undefined
[2025-06-10T19:27:22.970] [DEBUG] debug-file - Executing task :entry:default@CompileArkTS
[2025-06-10T19:27:22.987] [DEBUG] debug-file - build config:
[2025-06-10T19:27:22.987] [DEBUG] debug-file - {
  moduleType: 'entry',
  perf: 0,
  targetName: '.default',
  packageManagerType: 'ohpm',
  localPropertiesPath: '/Users/qiyue/github/XRouter/local.properties',
  isPreview: false,
  isOhosTest: false,
  isLocalTest: false,
  buildMode: 'Debug',
  watchMode: 'false',
  aceProfilePath: '/Users/qiyue/github/XRouter/entry/build/default/intermediates/res/default/resources/base/profile',
  etsLoaderPath: '/Applications/DevEco-Studio.app/Contents/sdk/default/openharmony/ets/build-tools/ets-loader',
  modulePath: '/Users/qiyue/github/XRouter/entry',
  testFrameworkPar: {
    testMode: undefined,
    coveragePathFilter: undefined,
    coverageMode: undefined
  },
  needCoverageInsert: false,
  debugLine: false,
  projectTopDir: '/Users/qiyue/github/XRouter',
  compileSdkVersion: 17,
  compatibleSdkVersion: 17,
  compatibleSdkVersionStage: undefined,
  bundleName: 'c***r',
  etsLoaderVersion: '5.0.5.165',
  etsLoaderReleaseType: 'Release',
  aotCompileMode: 'type',
  apPath: '/Users/qiyue/github/XRouter/entry/modules.ap',
  entryModuleName: 'entry',
  entryModuleVersion: '1.0.0',
  entryPackageName: 'entry',
  allModuleNameHash: 'c97ab8976c683634c189931b3de23585',
  externalApiPaths: [ '/Applications/DevEco-Studio.app/Contents/sdk/default/hms/ets' ],
  compilerTypes: undefined,
  isCrossplatform: false,
  hvigorPluginFile: undefined,
  compilePluginPath: undefined,
  buildGeneratedProfilePath: '/Users/qiyue/github/XRouter/entry/build/default/generated/profile/default',
  bundleType: 'app',
  arkTSVersion: undefined,
  apiVersion: 17,
  needCompleteSourcesMap: false,
  isFaMode: false,
  strictMode: {
    caseSensitiveCheck: true,
    useNormalizedOHMUrl: true,
    noExternalImportByPath: true
  },
  buildDir: '/Users/qiyue/github/XRouter/entry/build',
  deviceTypes: [ 'phone', 'tablet', '2in1' ],
  useNormalizedOHMUrl: true,
  pkgContextInfo: {
    '@ohos/hypium': {
      packageName: '@ohos/hypium',
      bundleName: '*****',
      moduleName: '',
      version: '1.0.21',
      entryPath: 'index.js',
      isSO: false,
      dependencyAlias: ''
    },
    '@ohos/hamock': {
      packageName: '@ohos/hamock',
      bundleName: '*****',
      moduleName: '',
      version: '1.0.0',
      entryPath: 'index.ets',
      isSO: false,
      dependencyAlias: ''
    },
    entry: {
      packageName: 'entry',
      bundleName: '*****',
      moduleName: '',
      version: '',
      entryPath: 'src/main/',
      isSO: false,
      dependencyAlias: ''
    }
  },
  ohPackagePathMap: {},
  dependencyAliasMap: {},
  permission: { requestPermissions: undefined, definePermissions: undefined },
  integratedHsp: false,
  projectArkOption: undefined,
  sourceMapDir: undefined,
  branchElimination: false,
  transformLib: undefined,
  caseSensitiveCheck: true,
  tsImportSendable: false,
  resolveConflictMode: true,
  depName2RootPath: {},
  depName2DepInfo: {},
  rootPathSet: [ '/Users/qiyue/github/XRouter' ],
  useNativeResolver: true,
  shouldEmitJs: true,
  autoLazyImport: undefined,
  allowEmptyBundleName: false,
  singleFileEmit: false,
  arkCompileCachePath: '/Users/qiyue/github/XRouter/entry/build/default/cache/default/default@CompileArkTS/esmodule',
  reExportCheckMode: 'noCheck',
  aceModuleJsonPath: '/Users/qiyue/github/XRouter/entry/build/default/intermediates/res/default/ark_module.json',
  appResource: '/Users/qiyue/github/XRouter/entry/build/default/intermediates/res/default/ResourceTable.txt',
  rawFileResource: '/Users/qiyue/github/XRouter/entry/build/default/intermediates/res/default/resources/rawfile',
  resourceTableHash: '5601ce2ca8bcaaedbb03c35632b8080a',
  runtimeOS: 'HarmonyOS',
  sdkInfo: 'false:17:5.0.5.165:Release',
  aceModuleRoot: '/Users/qiyue/github/XRouter/entry/src/main/ets',
  compileMode: 'esmodule',
  aceSuperVisualPath: '/Users/qiyue/github/XRouter/entry/src/main/supervisual',
  aceBuildJson: '/Users/qiyue/github/XRouter/entry/build/default/intermediates/loader/default/loader.json',
  cachePath: '/Users/qiyue/github/XRouter/entry/build/default/cache/default/default@CompileArkTS/esmodule/debug',
  aceModuleBuild: '/Users/qiyue/github/XRouter/entry/build/default/intermediates/loader_out/default/ets',
  supportChunks: true,
  declaredFilesPath: undefined,
  pkgNameToPkgBriefInfo: {
    entry: {
      pkgRoot: '/Users/qiyue/github/XRouter/entry',
      originalSourceRoots: undefined,
      sourceRoots: [Array],
      pkgName: 'entry'
    }
  },
  projectModel: {
    '/Users/qiyue/github/XRouter/entry/src/main': {
      moduleName: 'entry',
      modulePkgPath: '/Users/qiyue/github/XRouter/entry',
      belongProjectPath: '/Users/qiyue/github/XRouter'
    },
    '/Users/qiyue/github/XRouter/entry/build/default/intermediates/src/ohosTest/ets': {
      moduleName: 'entry_test',
      modulePkgPath: '/Users/qiyue/github/XRouter/entry',
      belongProjectPath: '/Users/qiyue/github/XRouter'
    },
    '/Users/qiyue/github/XRouter/entry/src/ohosTest': {
      moduleName: 'entry_test',
      modulePkgPath: '/Users/qiyue/github/XRouter/entry',
      belongProjectPath: '/Users/qiyue/github/XRouter'
    },
    '/Users/qiyue/github/XRouter/entry': {
      moduleName: 'entry',
      modulePkgPath: '/Users/qiyue/github/XRouter/entry',
      belongProjectPath: '/Users/qiyue/github/XRouter'
    },
    '/Users/qiyue/github/XRouter': {
      moduleName: 'XRouter',
      modulePkgPath: '/Users/qiyue/github/XRouter',
      belongProjectPath: '/Users/qiyue/github/XRouter'
    }
  },
  pkgJsonFileHash: '6b89abcf4532b4f864472c17cdcdc9c1',
  allModulePaths: [ '/Users/qiyue/github/XRouter/entry' ],
  routerMap: {},
  obfuscationOptions: undefined,
  compileBlockPkg: [],
  mockParams: {
    decorator: '@MockSetup',
    packageName: '@ohos/hamock',
    etsSourceRootPath: 'src/main/ets',
    mockConfigPath: '/Users/qiyue/github/XRouter/entry/src/mock/mock-config.json5',
    mockConfigKey2ModuleInfo: {}
  },
  copyCodeResourceEnable: true,
  copyCodeResourceExcludes: [],
  uiTransformOptimization: false,
  otherPaths: {
    'entry/*': [ '../*', '../../../build/default/generated/profile/default/*' ]
  },
  collectImportersConfig: undefined
}
[2025-06-10T19:27:22.988] [DEBUG] debug-file - Compile arkts with external api path: /Applications/DevEco-Studio.app/Contents/sdk/default/hms/ets
[2025-06-10T19:27:22.989] [DEBUG] debug-file - default@CompileArkTS work[3] is submitted.
[2025-06-10T19:27:22.989] [DEBUG] debug-file - default@CompileArkTS work[3] is pushed to ready queue.
[2025-06-10T19:27:22.989] [DEBUG] debug-file - A work dispatched to worker[11] failed because unable to get work from ready queue.
[2025-06-10T19:27:22.989] [DEBUG] debug-file - A work dispatched to worker[10] failed because of worker busy.
[2025-06-10T19:27:22.989] [DEBUG] debug-file - A work dispatched to worker[9] failed because unable to get work from ready queue.
[2025-06-10T19:27:22.989] [DEBUG] debug-file - A work dispatched to worker[8] failed because unable to get work from ready queue.
[2025-06-10T19:27:22.990] [DEBUG] debug-file - A work dispatched to worker[7] failed because unable to get work from ready queue.
[2025-06-10T19:27:22.990] [DEBUG] debug-file - A work dispatched to worker[6] failed because unable to get work from ready queue.
[2025-06-10T19:27:22.990] [DEBUG] debug-file - A work dispatched to worker[5] failed because unable to get work from ready queue.
[2025-06-10T19:27:22.990] [DEBUG] debug-file - Create  resident worker with id: 4.
[2025-06-10T19:27:22.990] [DEBUG] debug-file - default@CompileArkTS work[3] has been dispatched to worker[4].
[2025-06-10T19:27:22.990] [DEBUG] debug-file - default@CompileArkTS work[3] is dispatched.
[2025-06-10T19:27:22.991] [DEBUG] debug-file - CopyResources startTime: 1059892851150645
[2025-06-10T19:27:22.991] [DEBUG] debug-file - default@CompileArkTS work[4] is submitted.
[2025-06-10T19:27:22.991] [DEBUG] debug-file - default@CompileArkTS work[4] is pushed to ready queue.
[2025-06-10T19:27:22.991] [DEBUG] debug-file - A work dispatched to worker[11] failed because unable to get work from ready queue.
[2025-06-10T19:27:22.991] [DEBUG] debug-file - A work dispatched to worker[10] failed because of worker busy.
[2025-06-10T19:27:22.991] [DEBUG] debug-file - Create  resident worker with id: 9.
[2025-06-10T19:27:22.992] [DEBUG] debug-file - default@CompileArkTS work[4] has been dispatched to worker[9].
[2025-06-10T19:27:22.992] [DEBUG] debug-file - default@CompileArkTS work[4] is dispatched.
[2025-06-10T19:27:22.992] [DEBUG] debug-file - entry : default@CompileArkTS cost memory 1.4575042724609375
[2025-06-10T19:27:22.994] [DEBUG] debug-file - jsonObjWithoutParam {} at undefined
[2025-06-10T19:27:22.994] [DEBUG] debug-file - jsonObjWithoutParam {"name":"entry","version":"1.0.0","description":"Please describe the basic information.","main":"","author":"","license":"","dependencies":{}} at undefined
[2025-06-10T19:27:22.996] [DEBUG] debug-file - Executing task :entry:default@BuildJS
[2025-06-10T19:27:22.998] [DEBUG] debug-file - entry : default@BuildJS cost memory 0.11696624755859375
[2025-06-10T19:27:22.999] [DEBUG] debug-file - runTaskFromQueue task cost before running: 3 s 157 ms 
[2025-06-10T19:27:22.999] [INFO] debug-file - Finished :entry:default@BuildJS... after 3 ms 
[2025-06-10T19:27:23.462] [DEBUG] debug-file - worker[10] has one work done.
[2025-06-10T19:27:23.462] [DEBUG] debug-file - default@CacheNativeLibs work[2] done.
[2025-06-10T19:27:23.462] [DEBUG] debug-file - A work dispatched to worker[10] failed because unable to get work from ready queue.
[2025-06-10T19:27:23.462] [INFO] debug-file - Finished :entry:default@CacheNativeLibs... after 5 ms 
[2025-06-10T19:27:23.655] [DEBUG] debug-file - worker[9] has one work done.
[2025-06-10T19:27:23.655] [DEBUG] debug-file - CopyResources is end, endTime: 1059893515346211
[2025-06-10T19:27:23.655] [DEBUG] debug-file - default@CompileArkTS work[4] done.
[2025-06-10T19:27:23.655] [DEBUG] debug-file - A work dispatched to worker[9] failed because unable to get work from ready queue.
[2025-06-10T19:27:28.482] [DEBUG] debug-file - worker[4] has one work done.
[2025-06-10T19:27:28.482] [DEBUG] debug-file - Ark compile task finished.finished time is 1059898342217789
[2025-06-10T19:27:28.486] [DEBUG] debug-file - default@CompileArkTS work[3] done.
[2025-06-10T19:27:28.487] [DEBUG] debug-file - A work dispatched to worker[4] failed because unable to get work from ready queue.
[2025-06-10T19:27:28.489] [INFO] debug-file - Finished :entry:default@CompileArkTS... after 4 s 152 ms 
[2025-06-10T19:27:28.490] [DEBUG] debug-file - jsonObjWithoutParam {} at undefined
[2025-06-10T19:27:28.490] [DEBUG] debug-file - jsonObjWithoutParam {"name":"entry","version":"1.0.0","description":"Please describe the basic information.","main":"","author":"","license":"","dependencies":{}} at undefined
[2025-06-10T19:27:28.491] [DEBUG] debug-file - Executing task :entry:default@GeneratePkgModuleJson
[2025-06-10T19:27:28.491] [DEBUG] debug-file - Task 'entry:default@GeneratePkgModuleJson' cost while wrapping incremental declarations: 1 ms 
[2025-06-10T19:27:28.491] [DEBUG] debug-file - jsonObjWithoutParam {} at undefined
[2025-06-10T19:27:28.491] [DEBUG] debug-file - jsonObjWithoutParam {"name":"entry","version":"1.0.0","description":"Please describe the basic information.","main":"","author":"","license":"","dependencies":{}} at undefined
[2025-06-10T19:27:28.492] [DEBUG] debug-file - entry : default@GeneratePkgModuleJson cost memory 0.0852203369140625
[2025-06-10T19:27:28.492] [DEBUG] debug-file - runTaskFromQueue task cost before running: 8 s 651 ms 
[2025-06-10T19:27:28.493] [INFO] debug-file - Finished :entry:default@GeneratePkgModuleJson... after 2 ms 
[2025-06-10T19:27:28.495] [DEBUG] debug-file - jsonObjWithoutParam {} at undefined
[2025-06-10T19:27:28.495] [DEBUG] debug-file - jsonObjWithoutParam {"name":"entry","version":"1.0.0","description":"Please describe the basic information.","main":"","author":"","license":"","dependencies":{}} at undefined
[2025-06-10T19:27:28.500] [DEBUG] debug-file - Executing task :entry:default@PackageHap
[2025-06-10T19:27:28.503] [DEBUG] debug-file - jsonObjWithoutParam {} at undefined
[2025-06-10T19:27:28.503] [DEBUG] debug-file - jsonObjWithoutParam {"name":"entry","version":"1.0.0","description":"Please describe the basic information.","main":"","author":"","license":"","dependencies":{}} at undefined
[2025-06-10T19:27:28.505] [DEBUG] debug-file - Use tool [/Applications/DevEco-Studio.app/Contents/sdk/default/openharmony/toolchains/lib/app_packing_tool.jar]
 [
  'java',
  '-Dfile.encoding=utf-8',
  '-jar',
  '/Applications/DevEco-Studio.app/Contents/sdk/default/openharmony/toolchains/lib/app_packing_tool.jar',
  '--mode',
  'hap',
  '--force',
  'true',
  '--lib-path',
  '/Users/qiyue/github/XRouter/entry/build/default/intermediates/stripped_native_libs/default',
  '--json-path',
  '/Users/qiyue/github/XRouter/entry/build/default/intermediates/package/default/module.json',
  '--resources-path',
  '/Users/qiyue/github/XRouter/entry/build/default/intermediates/res/default/resources',
  '--index-path',
  '/Users/qiyue/github/XRouter/entry/build/default/intermediates/res/default/resources.index',
  '--pack-info-path',
  '/Users/qiyue/github/XRouter/entry/build/default/outputs/default/pack.info',
  '--out-path',
  '/Users/qiyue/github/XRouter/entry/build/default/outputs/default/entry-default-unsigned.hap',
  '--ets-path',
  '/Users/qiyue/github/XRouter/entry/build/default/intermediates/loader_out/default/ets',
  '--pkg-context-path',
  '/Users/qiyue/github/XRouter/entry/build/default/intermediates/loader/default/pkgContextInfo.json'
]
[2025-06-10T19:27:28.507] [DEBUG] debug-file - default@PackageHap work[5] is submitted.
[2025-06-10T19:27:28.508] [DEBUG] debug-file - default@PackageHap work[5] is pushed to ready queue.
[2025-06-10T19:27:28.508] [DEBUG] debug-file - A work dispatched to worker[11] failed because unable to get work from ready queue.
[2025-06-10T19:27:28.508] [DEBUG] debug-file - default@PackageHap work[5] has been dispatched to worker[10].
[2025-06-10T19:27:28.508] [DEBUG] debug-file - default@PackageHap work[5] is dispatched.
[2025-06-10T19:27:28.510] [DEBUG] debug-file - entry : default@PackageHap cost memory 0.6014022827148438
[2025-06-10T19:27:28.511] [DEBUG] debug-file - current process  memoryUsage: {
  rss: 773955584,
  heapTotal: 128593920,
  heapUsed: 100883680,
  external: 4039199,
  arrayBuffers: 193981
} os memoryUsage :15.85382080078125
[2025-06-10T19:27:29.190] [DEBUG] debug-file - worker[10] has one work done.
[2025-06-10T19:27:29.190] [DEBUG] debug-file - default@PackageHap work[5] done.
[2025-06-10T19:27:29.190] [DEBUG] debug-file - A work dispatched to worker[10] failed because unable to get work from ready queue.
[2025-06-10T19:27:29.191] [INFO] debug-file - Finished :entry:default@PackageHap... after 690 ms 
[2025-06-10T19:27:29.192] [DEBUG] debug-file - jsonObjWithoutParam {} at undefined
[2025-06-10T19:27:29.192] [DEBUG] debug-file - jsonObjWithoutParam {"name":"entry","version":"1.0.0","description":"Please describe the basic information.","main":"","author":"","license":"","dependencies":{}} at undefined
[2025-06-10T19:27:29.194] [DEBUG] debug-file - Executing task :entry:default@SignHap
[2025-06-10T19:27:29.194] [DEBUG] debug-file - jsonObjWithoutParam {} at undefined
[2025-06-10T19:27:29.194] [DEBUG] debug-file - jsonObjWithoutParam {"name":"entry","version":"1.0.0","description":"Please describe the basic information.","main":"","author":"","license":"","dependencies":{}} at undefined
[2025-06-10T19:27:35.065] [DEBUG] debug-file - java daemon socket received message:{"code":0,"message":"verify profile success"}
[2025-06-10T19:27:35.070] [DEBUG] debug-file - java daemon socket close code:1000 reason:close by user
[2025-06-10T19:27:35.319] [DEBUG] debug-file - java daemon socket received message:{"code":0,"message":"sign app success"}
[2025-06-10T19:27:35.320] [DEBUG] debug-file - entry : default@SignHap cost memory -0.3496246337890625
[2025-06-10T19:27:35.320] [DEBUG] debug-file - runTaskFromQueue task cost before running: 15 s 478 ms 
[2025-06-10T19:27:35.320] [INFO] debug-file - Finished :entry:default@SignHap... after 6 s 127 ms 
[2025-06-10T19:27:35.322] [DEBUG] debug-file - jsonObjWithoutParam {} at undefined
[2025-06-10T19:27:35.322] [DEBUG] debug-file - jsonObjWithoutParam {"name":"entry","version":"1.0.0","description":"Please describe the basic information.","main":"","author":"","license":"","dependencies":{}} at undefined
[2025-06-10T19:27:35.323] [DEBUG] debug-file - Executing task :entry:default@CollectDebugSymbol
[2025-06-10T19:27:35.326] [DEBUG] debug-file - jsonObjWithoutParam {} at undefined
[2025-06-10T19:27:35.326] [DEBUG] debug-file - jsonObjWithoutParam {"name":"entry","version":"1.0.0","description":"Please describe the basic information.","main":"","author":"","license":"","dependencies":{}} at undefined
[2025-06-10T19:27:35.326] [DEBUG] debug-file - entry : default@CollectDebugSymbol cost memory 0.18709564208984375
[2025-06-10T19:27:35.326] [DEBUG] debug-file - runTaskFromQueue task cost before running: 15 s 484 ms 
[2025-06-10T19:27:35.326] [INFO] debug-file - Finished :entry:default@CollectDebugSymbol... after 4 ms 
[2025-06-10T19:27:35.327] [DEBUG] debug-file - Executing task :entry:assembleHap
[2025-06-10T19:27:35.327] [DEBUG] debug-file - entry : assembleHap cost memory 0.01186370849609375
[2025-06-10T19:27:35.327] [DEBUG] debug-file - runTaskFromQueue task cost before running: 15 s 486 ms 
[2025-06-10T19:27:35.327] [INFO] debug-file - Finished :entry:assembleHap... after 1 ms 
[2025-06-10T19:27:35.330] [DEBUG] debug-file - BUILD SUCCESSFUL in 15 s 488 ms 
[2025-06-10T19:27:35.331] [DEBUG] debug-file - Update task entry:default@PreBuild input file:/Users/qiyue/github/XRouter/AppScope/app.json5 cache by regenerate.
[2025-06-10T19:27:35.331] [DEBUG] debug-file - Update task entry:default@PreBuild input file:/Users/qiyue/github/XRouter/entry/src/main/module.json5 cache by regenerate.
[2025-06-10T19:27:35.331] [DEBUG] debug-file - Update task entry:default@PreBuild input file:/Users/qiyue/github/XRouter/build-profile.json5 cache by regenerate.
[2025-06-10T19:27:35.332] [DEBUG] debug-file - Update task entry:default@PreBuild input file:/Users/qiyue/github/XRouter/entry/build-profile.json5 cache by regenerate.
[2025-06-10T19:27:35.332] [DEBUG] debug-file - Update task entry:default@PreBuild input file:/Users/qiyue/github/XRouter/entry/src/main/resources/base/profile/main_pages.json cache by regenerate.
[2025-06-10T19:27:35.332] [DEBUG] debug-file - Update task entry:default@PreBuild input file:/Users/qiyue/github/XRouter/hvigor/hvigor-config.json5 cache by regenerate.
[2025-06-10T19:27:35.332] [DEBUG] debug-file - Update task entry:default@PreBuild input file:/Users/qiyue/github/XRouter/entry/src/mock/mock-config.json5 cache by regenerate.
[2025-06-10T19:27:35.332] [DEBUG] debug-file - Update task entry:default@PreBuild input file:/Users/qiyue/github/XRouter/entry/oh-package.json5 cache by regenerate.
[2025-06-10T19:27:35.332] [DEBUG] debug-file - Update task entry:default@PreBuild input file:/Users/qiyue/github/XRouter/oh-package.json5 cache by regenerate.
[2025-06-10T19:27:35.333] [DEBUG] debug-file - Incremental task entry:default@PreBuild post-execution cost:3 ms .
[2025-06-10T19:27:35.333] [DEBUG] debug-file - Update task entry:default@CreateModuleInfo output file:/Users/qiyue/github/XRouter/entry/build/default/generated/profile/default/ModuleInfo.ts cache.
[2025-06-10T19:27:35.333] [DEBUG] debug-file - Incremental task entry:default@CreateModuleInfo post-execution cost:1 ms .
[2025-06-10T19:27:35.333] [DEBUG] debug-file - Update task entry:default@GenerateMetadata input file:/Users/qiyue/github/XRouter/entry/src/main/module.json5 cache by regenerate.
[2025-06-10T19:27:35.333] [DEBUG] debug-file - Update task entry:default@GenerateMetadata output file:/Users/qiyue/github/XRouter/entry/build/default/intermediates/hap_metadata/default/output_metadata.json cache.
[2025-06-10T19:27:35.333] [DEBUG] debug-file - Incremental task entry:default@GenerateMetadata post-execution cost:1 ms .
[2025-06-10T19:27:35.333] [DEBUG] debug-file - Update task entry:default@MergeProfile input file:/Users/qiyue/github/XRouter/AppScope/app.json5 cache by regenerate.
[2025-06-10T19:27:35.333] [DEBUG] debug-file - Update task entry:default@MergeProfile input file:/Users/qiyue/github/XRouter/build-profile.json5 cache by regenerate.
[2025-06-10T19:27:35.334] [DEBUG] debug-file - Update task entry:default@MergeProfile input file:/Users/qiyue/github/XRouter/entry/src/main/module.json5 cache by regenerate.
[2025-06-10T19:27:35.334] [DEBUG] debug-file - Update task entry:default@MergeProfile output file:/Users/qiyue/github/XRouter/entry/build/default/intermediates/merge_profile/default/module.json cache.
[2025-06-10T19:27:35.334] [DEBUG] debug-file - Incremental task entry:default@MergeProfile post-execution cost:1 ms .
[2025-06-10T19:27:35.334] [DEBUG] debug-file - Update task entry:default@CreateBuildProfile input file:/Users/qiyue/github/XRouter/AppScope/app.json5 cache by regenerate.
[2025-06-10T19:27:35.334] [DEBUG] debug-file - Update task entry:default@CreateBuildProfile input file:/Users/qiyue/github/XRouter/build-profile.json5 cache by regenerate.
[2025-06-10T19:27:35.334] [DEBUG] debug-file - Update task entry:default@CreateBuildProfile output file:/Users/qiyue/github/XRouter/entry/build/default/generated/profile/default/BuildProfile.ets cache.
[2025-06-10T19:27:35.334] [DEBUG] debug-file - Incremental task entry:default@CreateBuildProfile post-execution cost:1 ms .
[2025-06-10T19:27:35.334] [DEBUG] debug-file - Update task entry:default@GeneratePkgContextInfo output file:/Users/qiyue/github/XRouter/entry/build/default/intermediates/loader/default/pkgContextInfo.json cache.
[2025-06-10T19:27:35.334] [DEBUG] debug-file - Incremental task entry:default@GeneratePkgContextInfo post-execution cost:1 ms .
[2025-06-10T19:27:35.335] [DEBUG] debug-file - Update task entry:default@ProcessIntegratedHsp output file:/Users/qiyue/github/XRouter/build/cache/default/integrated_hsp/integratedHspCache.json cache.
[2025-06-10T19:27:35.335] [DEBUG] debug-file - Incremental task entry:default@ProcessIntegratedHsp post-execution cost:1 ms .
[2025-06-10T19:27:35.335] [DEBUG] debug-file - Update task entry:default@MakePackInfo input file:/Users/qiyue/github/XRouter/AppScope/app.json5 cache by regenerate.
[2025-06-10T19:27:35.335] [DEBUG] debug-file - Update task entry:default@MakePackInfo input file:/Users/qiyue/github/XRouter/entry/src/main/module.json5 cache by regenerate.
[2025-06-10T19:27:35.335] [DEBUG] debug-file - Update task entry:default@MakePackInfo input file:/Users/qiyue/github/XRouter/build-profile.json5 cache by regenerate.
[2025-06-10T19:27:35.335] [DEBUG] debug-file - Update task entry:default@MakePackInfo input file:/Users/qiyue/github/XRouter/entry/src/main/resources/base/profile/backup_config.json cache by regenerate.
[2025-06-10T19:27:35.336] [DEBUG] debug-file - Update task entry:default@MakePackInfo output file:/Users/qiyue/github/XRouter/entry/build/default/outputs/default/pack.info cache.
[2025-06-10T19:27:35.336] [DEBUG] debug-file - Incremental task entry:default@MakePackInfo post-execution cost:1 ms .
[2025-06-10T19:27:35.336] [DEBUG] debug-file - Update task entry:default@SyscapTransform input file:/Applications/DevEco-Studio.app/Contents/sdk/default/openharmony/toolchains/syscap_tool cache by regenerate.
[2025-06-10T19:27:35.336] [DEBUG] debug-file - Update task entry:default@SyscapTransform input file:/Applications/DevEco-Studio.app/Contents/sdk/default/openharmony/ets/api/device-define cache by regenerate.
[2025-06-10T19:27:35.337] [DEBUG] debug-file - Update task entry:default@SyscapTransform output file:/Users/qiyue/github/XRouter/entry/build/default/intermediates/syscap/default/rpcid.sc cache.
[2025-06-10T19:27:35.337] [DEBUG] debug-file - Incremental task entry:default@SyscapTransform post-execution cost:1 ms .
[2025-06-10T19:27:35.337] [DEBUG] debug-file - Update task entry:default@ProcessProfile input file:/Users/qiyue/github/XRouter/entry/build/default/intermediates/merge_profile/default/module.json cache by regenerate.
[2025-06-10T19:27:35.337] [DEBUG] debug-file - Update task entry:default@ProcessProfile output file:/Users/qiyue/github/XRouter/entry/build/default/intermediates/process_profile/default/module.json cache.
[2025-06-10T19:27:35.337] [DEBUG] debug-file - Incremental task entry:default@ProcessProfile post-execution cost:1 ms .
[2025-06-10T19:27:35.338] [DEBUG] debug-file - Update task entry:default@ProcessRouterMap input file:/Users/qiyue/github/XRouter/entry/oh-package.json5 cache by regenerate.
[2025-06-10T19:27:35.339] [DEBUG] debug-file - Update task entry:default@ProcessRouterMap input file:/Users/qiyue/github/XRouter/oh-package.json5 cache by regenerate.
[2025-06-10T19:27:35.339] [DEBUG] debug-file - Update task entry:default@ProcessRouterMap input file:/Users/qiyue/github/XRouter/entry/src/main/module.json5 cache by regenerate.
[2025-06-10T19:27:35.339] [DEBUG] debug-file - Update task entry:default@ProcessRouterMap input file:/Users/qiyue/github/XRouter/entry/build/default/intermediates/loader/default/pkgContextInfo.json cache by regenerate.
[2025-06-10T19:27:35.339] [DEBUG] debug-file - Update task entry:default@ProcessRouterMap output file:/Users/qiyue/github/XRouter/entry/build/default/intermediates/router_map/default/temp-router-map.json cache.
[2025-06-10T19:27:35.339] [DEBUG] debug-file - Update task entry:default@ProcessRouterMap output file:/Users/qiyue/github/XRouter/entry/build/default/intermediates/router_map/default/loader-router-map.json cache.
[2025-06-10T19:27:35.339] [DEBUG] debug-file - Incremental task entry:default@ProcessRouterMap post-execution cost:2 ms .
[2025-06-10T19:27:35.339] [DEBUG] debug-file - Update task entry:default@ProcessResource output file:/Users/qiyue/github/XRouter/entry/build/default/intermediates/res/default/resConfig.json cache.
[2025-06-10T19:27:35.339] [DEBUG] debug-file - Update task entry:default@ProcessResource output file:/Users/qiyue/github/XRouter/entry/build/default/intermediates/res/default/opt-compression.json cache.
[2025-06-10T19:27:35.339] [DEBUG] debug-file - Incremental task entry:default@ProcessResource post-execution cost:1 ms .
[2025-06-10T19:27:35.341] [DEBUG] debug-file - Update task entry:default@GenerateLoaderJson input file:/Users/qiyue/github/XRouter/entry/src/mock/mock-config.json5 cache by regenerate.
[2025-06-10T19:27:35.341] [DEBUG] debug-file - Update task entry:default@GenerateLoaderJson input file:/Users/qiyue/github/XRouter/entry/build/default/intermediates/loader/default/pkgContextInfo.json cache by regenerate.
[2025-06-10T19:27:35.341] [DEBUG] debug-file - Update task entry:default@GenerateLoaderJson input file:/Users/qiyue/github/XRouter/entry/build/default/intermediates/router_map/default/temp-router-map.json cache by regenerate.
[2025-06-10T19:27:35.341] [DEBUG] debug-file - Update task entry:default@GenerateLoaderJson output file:/Users/qiyue/github/XRouter/entry/build/default/intermediates/loader/default/loader.json cache.
[2025-06-10T19:27:35.341] [DEBUG] debug-file - Incremental task entry:default@GenerateLoaderJson post-execution cost:2 ms .
[2025-06-10T19:27:35.341] [DEBUG] debug-file - Update task entry:default@ProcessLibs input file:/Users/qiyue/github/XRouter/build-profile.json5 cache by regenerate.
[2025-06-10T19:27:35.342] [DEBUG] debug-file - Update task entry:default@ProcessLibs input file:/Users/qiyue/github/XRouter/entry/build-profile.json5 cache by regenerate.
[2025-06-10T19:27:35.342] [DEBUG] debug-file - Update task entry:default@ProcessLibs output file:/Users/qiyue/github/XRouter/entry/build/default/intermediates/libs/default cache.
[2025-06-10T19:27:35.342] [DEBUG] debug-file - Incremental task entry:default@ProcessLibs post-execution cost:1 ms .
[2025-06-10T19:27:35.342] [DEBUG] debug-file - Update task entry:default@CompileResource input file:/Users/qiyue/github/XRouter/entry/src/main/resources cache by regenerate.
[2025-06-10T19:27:35.343] [DEBUG] debug-file - Update task entry:default@CompileResource input file:/Users/qiyue/github/XRouter/AppScope/resources cache by regenerate.
[2025-06-10T19:27:35.344] [DEBUG] debug-file - Update task entry:default@CompileResource input file:/Users/qiyue/github/XRouter/entry/build/default/intermediates/process_profile/default/module.json cache by regenerate.
[2025-06-10T19:27:35.344] [DEBUG] debug-file - Update task entry:default@CompileResource input file:/Users/qiyue/github/XRouter/entry/build/default/intermediates/res/default/resConfig.json cache by regenerate.
[2025-06-10T19:27:35.344] [DEBUG] debug-file - Update task entry:default@CompileResource output file:/Users/qiyue/github/XRouter/entry/build/default/intermediates/res/default cache.
[2025-06-10T19:27:35.345] [DEBUG] debug-file - Update task entry:default@CompileResource output file:/Users/qiyue/github/XRouter/entry/build/default/generated/r/default/ResourceTable.h cache.
[2025-06-10T19:27:35.346] [DEBUG] debug-file - Update task entry:default@CompileResource output file:/Users/qiyue/github/XRouter/entry/build/default/generated/r/default cache.
[2025-06-10T19:27:35.346] [DEBUG] debug-file - Incremental task entry:default@CompileResource post-execution cost:4 ms .
[2025-06-10T19:27:35.346] [DEBUG] debug-file - Update task entry:default@DoNativeStrip input file:/Users/qiyue/github/XRouter/entry/build/default/intermediates/libs/default cache by regenerate.
[2025-06-10T19:27:35.346] [DEBUG] debug-file - Update task entry:default@DoNativeStrip output file:/Users/qiyue/github/XRouter/entry/build/default/intermediates/stripped_native_libs/default cache.
[2025-06-10T19:27:35.346] [DEBUG] debug-file - Incremental task entry:default@DoNativeStrip post-execution cost:1 ms .
[2025-06-10T19:27:35.346] [DEBUG] debug-file - Update task entry:default@CacheNativeLibs input file:/Users/qiyue/github/XRouter/entry/build/default/intermediates/stripped_native_libs/default cache by regenerate.
[2025-06-10T19:27:35.346] [DEBUG] debug-file - Update task entry:default@CacheNativeLibs input file:/Users/qiyue/github/XRouter/entry/build/default/intermediates/libs/default cache by regenerate.
[2025-06-10T19:27:35.346] [DEBUG] debug-file - Update task entry:default@CacheNativeLibs output file:/Users/qiyue/github/XRouter/entry/build/default/intermediates/patch/default/base_native_libs.json cache.
[2025-06-10T19:27:35.347] [DEBUG] debug-file - Incremental task entry:default@CacheNativeLibs post-execution cost:1 ms .
[2025-06-10T19:27:35.348] [DEBUG] debug-file - Update task entry:default@CompileArkTS input file:/Users/qiyue/github/XRouter/entry/build/default/intermediates/loader/default cache by regenerate.
[2025-06-10T19:27:35.349] [DEBUG] debug-file - Update task entry:default@CompileArkTS input file:/Users/qiyue/github/XRouter/entry/build/default/intermediates/res/default/resources/rawfile cache by regenerate.
[2025-06-10T19:27:35.349] [DEBUG] debug-file - Update task entry:default@CompileArkTS input file:/Users/qiyue/github/XRouter/entry/build/default/intermediates/res/default/ResourceTable.txt cache by regenerate.
[2025-06-10T19:27:35.349] [DEBUG] debug-file - Update task entry:default@CompileArkTS input file:/Users/qiyue/github/XRouter/entry/build/default/intermediates/res/default/ark_module.json cache by regenerate.
[2025-06-10T19:27:35.349] [DEBUG] debug-file - Update task entry:default@CompileArkTS input file:/Users/qiyue/github/XRouter/entry/build/default/intermediates/res/default/resources/base/profile cache by regenerate.
[2025-06-10T19:27:35.349] [DEBUG] debug-file - Update task entry:default@CompileArkTS input file:/Users/qiyue/github/XRouter/entry/src/main/ets cache by regenerate.
[2025-06-10T19:27:35.350] [DEBUG] debug-file - Update task entry:default@CompileArkTS input file:/Users/qiyue/github/XRouter/entry/build/default/intermediates/loader/default/pkgContextInfo.json cache by regenerate.
[2025-06-10T19:27:35.350] [DEBUG] debug-file - Update task entry:default@CompileArkTS input file:/Users/qiyue/github/XRouter/entry/build/default/generated/profile/default/BuildProfile.ets cache by regenerate.
[2025-06-10T19:27:35.350] [DEBUG] debug-file - Update task entry:default@CompileArkTS input file:/Users/qiyue/github/XRouter/entry/src/mock/mock-config.json5 cache by regenerate.
[2025-06-10T19:27:35.350] [DEBUG] debug-file - Update task entry:default@CompileArkTS output file:/Users/qiyue/github/XRouter/entry/build/default/intermediates/loader_out/default/ets cache.
[2025-06-10T19:27:35.350] [DEBUG] debug-file - Incremental task entry:default@CompileArkTS post-execution cost:4 ms .
[2025-06-10T19:27:35.351] [DEBUG] debug-file - Update task entry:default@BuildJS input file:/Users/qiyue/github/XRouter/entry/build/default/intermediates/loader/default cache by regenerate.
[2025-06-10T19:27:35.351] [DEBUG] debug-file - Update task entry:default@BuildJS input file:/Users/qiyue/github/XRouter/entry/build/default/intermediates/res/default/resources/rawfile cache by regenerate.
[2025-06-10T19:27:35.351] [DEBUG] debug-file - Update task entry:default@BuildJS input file:/Users/qiyue/github/XRouter/entry/build/default/intermediates/res/default/ResourceTable.txt cache by regenerate.
[2025-06-10T19:27:35.352] [DEBUG] debug-file - Update task entry:default@BuildJS input file:/Users/qiyue/github/XRouter/entry/build/default/intermediates/res/default/ark_module.json cache by regenerate.
[2025-06-10T19:27:35.352] [DEBUG] debug-file - Update task entry:default@BuildJS input file:/Users/qiyue/github/XRouter/entry/build/default/intermediates/res/default/resources/base/profile cache by regenerate.
[2025-06-10T19:27:35.352] [DEBUG] debug-file - Update task entry:default@BuildJS input file:/Users/qiyue/github/XRouter/entry/build/default/intermediates/loader/default/pkgContextInfo.json cache by regenerate.
[2025-06-10T19:27:35.352] [DEBUG] debug-file - Update task entry:default@BuildJS output file:/Users/qiyue/github/XRouter/entry/build/default/intermediates/loader_out/default/js cache.
[2025-06-10T19:27:35.352] [DEBUG] debug-file - Incremental task entry:default@BuildJS post-execution cost:2 ms .
[2025-06-10T19:27:35.352] [DEBUG] debug-file - Update task entry:default@GeneratePkgModuleJson input file:/Users/qiyue/github/XRouter/entry/build/default/intermediates/res/default/module.json cache by regenerate.
[2025-06-10T19:27:35.352] [DEBUG] debug-file - Update task entry:default@GeneratePkgModuleJson output file:/Users/qiyue/github/XRouter/entry/build/default/intermediates/package/default/module.json cache.
[2025-06-10T19:27:35.352] [DEBUG] debug-file - Incremental task entry:default@GeneratePkgModuleJson post-execution cost:1 ms .
[2025-06-10T19:27:35.353] [DEBUG] debug-file - Update task entry:default@PackageHap input file:/Users/qiyue/github/XRouter/entry/build/default/intermediates/stripped_native_libs/default cache by regenerate.
[2025-06-10T19:27:35.353] [DEBUG] debug-file - Update task entry:default@PackageHap input file:/Users/qiyue/github/XRouter/entry/build/default/intermediates/res/default/module.json cache by regenerate.
[2025-06-10T19:27:35.353] [DEBUG] debug-file - Update task entry:default@PackageHap input file:/Users/qiyue/github/XRouter/entry/build/default/intermediates/res/default/resources cache by regenerate.
[2025-06-10T19:27:35.354] [DEBUG] debug-file - Update task entry:default@PackageHap input file:/Users/qiyue/github/XRouter/entry/build/default/intermediates/res/default/resources.index cache by regenerate.
[2025-06-10T19:27:35.354] [DEBUG] debug-file - Update task entry:default@PackageHap input file:/Users/qiyue/github/XRouter/entry/build/default/outputs/default/pack.info cache by regenerate.
[2025-06-10T19:27:35.354] [DEBUG] debug-file - Update task entry:default@PackageHap input file:/Users/qiyue/github/XRouter/entry/build/default/intermediates/loader_out/default/ets cache by regenerate.
[2025-06-10T19:27:35.354] [DEBUG] debug-file - Update task entry:default@PackageHap input file:/Users/qiyue/github/XRouter/entry/build/default/intermediates/loader/default/pkgContextInfo.json cache by regenerate.
[2025-06-10T19:27:35.354] [DEBUG] debug-file - Update task entry:default@PackageHap input file:/Users/qiyue/github/XRouter/entry/build/default/intermediates/loader_out/default/ets/sourceMaps.map cache by regenerate.
[2025-06-10T19:27:35.354] [DEBUG] debug-file - Update task entry:default@PackageHap input file:/Users/qiyue/github/XRouter/entry/build/default/generated/profile/default/BuildProfile.ets cache by regenerate.
[2025-06-10T19:27:35.355] [DEBUG] debug-file - Update task entry:default@PackageHap output file:/Users/qiyue/github/XRouter/entry/build/default/outputs/default/entry-default-unsigned.hap cache.
[2025-06-10T19:27:35.355] [DEBUG] debug-file - Update task entry:default@PackageHap output file:/Users/qiyue/github/XRouter/entry/build/default/intermediates/source_map/default/sourceMaps.map cache.
[2025-06-10T19:27:35.355] [DEBUG] debug-file - Update task entry:default@PackageHap output file:/Users/qiyue/github/XRouter/entry/build/default/outputs/default/mapping/sourceMaps.map cache.
[2025-06-10T19:27:35.355] [DEBUG] debug-file - Incremental task entry:default@PackageHap post-execution cost:3 ms .
[2025-06-10T19:27:35.355] [DEBUG] debug-file - Update task entry:default@SignHap input file:/Users/qiyue/.ohos/config/default_xrouter_BxPf6yrASEb5cEYobbWwrxXPoY9e2NAlVX5GGH32Gm4=.cer cache by regenerate.
[2025-06-10T19:27:35.355] [DEBUG] debug-file - Update task entry:default@SignHap input file:/Users/qiyue/.ohos/config/default_xrouter_BxPf6yrASEb5cEYobbWwrxXPoY9e2NAlVX5GGH32Gm4=.p7b cache by regenerate.
[2025-06-10T19:27:35.356] [DEBUG] debug-file - Update task entry:default@SignHap input file:/Users/qiyue/.ohos/config/default_xrouter_BxPf6yrASEb5cEYobbWwrxXPoY9e2NAlVX5GGH32Gm4=.p12 cache by regenerate.
[2025-06-10T19:27:35.356] [DEBUG] debug-file - Update task entry:default@SignHap input file:/Users/qiyue/github/XRouter/entry/build/default/outputs/default/entry-default-unsigned.hap cache by regenerate.
[2025-06-10T19:27:35.356] [DEBUG] debug-file - Update task entry:default@SignHap output file:/Users/qiyue/github/XRouter/entry/build/default/outputs/default/entry-default-signed.hap cache.
[2025-06-10T19:27:35.356] [DEBUG] debug-file - Incremental task entry:default@SignHap post-execution cost:1 ms .
[2025-06-10T19:27:35.358] [DEBUG] debug-file - Update task entry:default@CollectDebugSymbol input file:/Users/qiyue/github/XRouter/entry/build/default/intermediates/loader_out/default/ets/sourceMaps.map cache by regenerate.
[2025-06-10T19:27:35.358] [DEBUG] debug-file - Update task entry:default@CollectDebugSymbol input file:/Users/qiyue/github/XRouter/entry/build/default/intermediates/libs/default cache by regenerate.
[2025-06-10T19:27:35.358] [DEBUG] debug-file - Update task entry:default@CollectDebugSymbol output file:/Users/qiyue/github/XRouter/entry/build/default/outputs/default/symbol cache.
[2025-06-10T19:27:35.358] [DEBUG] debug-file - Incremental task entry:default@CollectDebugSymbol post-execution cost:3 ms .
[2025-06-10T19:27:35.372] [DEBUG] debug-file - Cleanup worker 0.
[2025-06-10T19:27:35.373] [DEBUG] debug-file - Worker 0 has been cleaned up.
[2025-06-10T19:27:35.373] [DEBUG] debug-file - Current idle worker size: 4.
[2025-06-10T19:27:35.373] [DEBUG] debug-file - Current resident worker size: 5.
[2025-06-10T19:27:35.373] [DEBUG] debug-file - Cleanup worker 1.
[2025-06-10T19:27:35.373] [DEBUG] debug-file - Worker 1 has been cleaned up.
[2025-06-10T19:27:35.373] [DEBUG] debug-file - Current idle worker size: 3.
[2025-06-10T19:27:35.373] [DEBUG] debug-file - Current resident worker size: 5.
[2025-06-10T19:27:35.373] [DEBUG] debug-file - Cleanup worker 9.
[2025-06-10T19:27:35.373] [DEBUG] debug-file - Worker 9 has been cleaned up.
[2025-06-10T19:27:35.373] [DEBUG] debug-file - Current idle worker size: 2.
[2025-06-10T19:27:35.373] [DEBUG] debug-file - Current resident worker size: 5.
[2025-06-10T19:27:35.374] [DEBUG] debug-file - Cleanup worker 10.
[2025-06-10T19:27:35.374] [DEBUG] debug-file - Worker 10 has been cleaned up.
[2025-06-10T19:27:35.374] [DEBUG] debug-file - Current idle worker size: 1.
[2025-06-10T19:27:35.374] [DEBUG] debug-file - Current resident worker size: 5.
[2025-06-10T19:27:35.376] [DEBUG] debug-file - session manager: send message to worker process.
[2025-06-10T19:27:35.376] [DEBUG] debug-file - session manager: send message to worker process.
[2025-06-10T19:27:35.375] [DEBUG] debug-file - hvigor build process will be closed.
[2025-06-10T19:27:35.376] [DEBUG] debug-file - watch worker: worker id should be larger than 0. Nothing will be sent to any worker thread.
[2025-06-10T19:27:35.376] [DEBUG] debug-file - watch worker: worker id should be larger than 0. Nothing will be sent to any worker thread.
[2025-06-10T19:27:35.377] [DEBUG] debug-file - java daemon socket close code:1000 reason:close by user
[2025-06-10T19:27:35.377] [DEBUG] debug-file - worker[0] exits with exit code 1.
[2025-06-10T19:27:35.377] [DEBUG] debug-file - worker[1] exits with exit code 1.
[2025-06-10T19:27:35.384] [DEBUG] debug-file - worker[9] exits with exit code 1.
[2025-06-10T19:27:35.390] [DEBUG] debug-file - worker[10] exits with exit code 1.
